{"message":"Error [TOKEN_INVALID]: An invalid token was provided.\n    at EUBClient.login (E:\\Github\\Earth-United-Bot\\node_modules\\discord.js\\src\\client\\Client.js:206:52)\n    at EUBClient.start (E:\\Github\\Earth-United-Bot\\dist\\src\\Lib\\Structures\\Client.js:51:28)\n    at new EUBClient (E:\\Github\\Earth-United-Bot\\dist\\src\\Lib\\Structures\\Client.js:48:14)\n    at Object.<anonymous> (E:\\Github\\Earth-United-Bot\\dist\\src\\EUB.js:7:16)\n    at Module._compile (internal/modules/cjs/loader.js:1137:30)\n    at Object.Module._extensions..js (internal/modules/cjs/loader.js:1157:10)\n    at Module.load (internal/modules/cjs/loader.js:985:32)\n    at Function.Module._load (internal/modules/cjs/loader.js:878:14)\n    at Function.executeUserEntryPoint [as runMain] (internal/modules/run_main.js:71:12)\n    at internal/main/run_main_module.js:17:47","level":"error","timestamp":"12-12-2020 | 09:29:14 PM"}
{"message":"Error [TOKEN_INVALID]: An invalid token was provided.\n    at EUBClient.login (E:\\Github\\Earth-United-Bot\\node_modules\\discord.js\\src\\client\\Client.js:206:52)\n    at EUBClient.start (E:\\Github\\Earth-United-Bot\\dist\\src\\Lib\\Structures\\Client.js:51:28)\n    at new EUBClient (E:\\Github\\Earth-United-Bot\\dist\\src\\Lib\\Structures\\Client.js:48:14)\n    at Object.<anonymous> (E:\\Github\\Earth-United-Bot\\dist\\src\\EUB.js:7:16)\n    at Module._compile (internal/modules/cjs/loader.js:1137:30)\n    at Object.Module._extensions..js (internal/modules/cjs/loader.js:1157:10)\n    at Module.load (internal/modules/cjs/loader.js:985:32)\n    at Function.Module._load (internal/modules/cjs/loader.js:878:14)\n    at Function.executeUserEntryPoint [as runMain] (internal/modules/run_main.js:71:12)\n    at internal/main/run_main_module.js:17:47","level":"error","timestamp":"12-12-2020 | 09:30:42 PM"}
{"message":"Error [TOKEN_INVALID]: An invalid token was provided.\n    at EUBClient.login (E:\\Github\\Earth-United-Bot\\node_modules\\discord.js\\src\\client\\Client.js:206:52)\n    at EUBClient.start (E:\\Github\\Earth-United-Bot\\dist\\src\\Lib\\Structures\\Client.js:51:28)\n    at new EUBClient (E:\\Github\\Earth-United-Bot\\dist\\src\\Lib\\Structures\\Client.js:48:14)\n    at Object.<anonymous> (E:\\Github\\Earth-United-Bot\\dist\\src\\EUB.js:7:16)\n    at Module._compile (internal/modules/cjs/loader.js:1137:30)\n    at Object.Module._extensions..js (internal/modules/cjs/loader.js:1157:10)\n    at Module.load (internal/modules/cjs/loader.js:985:32)\n    at Function.Module._load (internal/modules/cjs/loader.js:878:14)\n    at Function.executeUserEntryPoint [as runMain] (internal/modules/run_main.js:71:12)\n    at internal/main/run_main_module.js:17:47","level":"error","timestamp":"12-12-2020 | 09:32:30 PM"}
{"message":"Error [TOKEN_INVALID]: An invalid token was provided.\n    at EUBClient.login (E:\\Github\\Earth-United-Bot\\node_modules\\discord.js\\src\\client\\Client.js:206:52)\n    at EUBClient.start (E:\\Github\\Earth-United-Bot\\dist\\src\\Lib\\Structures\\Client.js:51:28)\n    at Object.<anonymous> (E:\\Github\\Earth-United-Bot\\dist\\src\\EUB.js:8:8)\n    at Module._compile (internal/modules/cjs/loader.js:1137:30)\n    at Object.Module._extensions..js (internal/modules/cjs/loader.js:1157:10)\n    at Module.load (internal/modules/cjs/loader.js:985:32)\n    at Function.Module._load (internal/modules/cjs/loader.js:878:14)\n    at Function.executeUserEntryPoint [as runMain] (internal/modules/run_main.js:71:12)\n    at internal/main/run_main_module.js:17:47","level":"error","timestamp":"12-12-2020 | 09:32:30 PM"}
{"message":"Loaded 1 Events in 129ms","level":"info","timestamp":"12-12-2020 | 09:53:25 PM"}
{"message":"Loaded 1 Commands in 60ms","level":"info","timestamp":"12-12-2020 | 09:53:25 PM"}
{"message":"Client connected as user Earth United Bot#7516","level":"info","timestamp":"12-12-2020 | 09:53:25 PM"}
{"message":"Main Database Connected!","level":"info","timestamp":"12-14-2020 | 10:22:49 AM"}
{"message":"Economy Database Connected!","level":"info","timestamp":"12-14-2020 | 10:22:49 AM"}
{"message":"Punishments Database Connected!","level":"info","timestamp":"12-14-2020 | 10:22:49 AM"}
{"message":"Main Database Connected!","level":"info","timestamp":"12-14-2020 | 10:23:08 AM"}
{"message":"Economy Database Connected!","level":"info","timestamp":"12-14-2020 | 10:23:08 AM"}
{"message":"Punishments Database Connected!","level":"info","timestamp":"12-14-2020 | 10:23:08 AM"}
{"message":"Main Database Connected!","level":"info","timestamp":"12-14-2020 | 10:25:09 AM"}
{"message":"Economy Database Connected!","level":"info","timestamp":"12-14-2020 | 10:25:09 AM"}
{"message":"Punishments Database Connected!","level":"info","timestamp":"12-14-2020 | 10:25:09 AM"}
{"message":"Main Database Connected!","level":"info","timestamp":"12-14-2020 | 10:25:41 AM"}
{"message":"Economy Database Connected!","level":"info","timestamp":"12-14-2020 | 10:25:41 AM"}
{"message":"Punishments Database Connected!","level":"info","timestamp":"12-14-2020 | 10:25:41 AM"}
{"message":"Loaded 1 Commands in 62ms","level":"info","timestamp":"12-14-2020 | 10:25:41 AM"}
{"message":"Loaded 3 Events in 82ms","level":"info","timestamp":"12-14-2020 | 10:25:41 AM"}
{"message":"Client connected as user Earth United Bot#7516","level":"info","timestamp":"12-14-2020 | 10:25:41 AM"}
{"message":"Main Database Connected!","level":"info","timestamp":"12-14-2020 | 10:27:00 AM"}
{"message":"Economy Database Connected!","level":"info","timestamp":"12-14-2020 | 10:27:00 AM"}
{"message":"Punishments Database Connected!","level":"info","timestamp":"12-14-2020 | 10:27:00 AM"}
{"message":"Loaded 1 Commands in 60ms","level":"info","timestamp":"12-14-2020 | 10:27:00 AM"}
{"message":"Loaded 3 Events in 76ms","level":"info","timestamp":"12-14-2020 | 10:27:00 AM"}
{"message":"Client connected as user Earth United Bot#7516","level":"info","timestamp":"12-14-2020 | 10:27:01 AM"}
{"message":"Main Database Connected!","level":"info","timestamp":"12-14-2020 | 10:27:53 AM"}
{"message":"Economy Database Connected!","level":"info","timestamp":"12-14-2020 | 10:27:53 AM"}
{"message":"Punishments Database Connected!","level":"info","timestamp":"12-14-2020 | 10:27:53 AM"}
{"message":"Loaded 1 Commands in 71ms","level":"info","timestamp":"12-14-2020 | 10:27:53 AM"}
{"message":"Loaded 3 Events in 93ms","level":"info","timestamp":"12-14-2020 | 10:27:53 AM"}
{"message":"Client connected as user Earth United Bot#7516","level":"info","timestamp":"12-14-2020 | 10:27:54 AM"}
{"message":"Main Database Connected!","level":"info","timestamp":"12-14-2020 | 10:30:18 AM"}
{"message":"Economy Database Connected!","level":"info","timestamp":"12-14-2020 | 10:30:18 AM"}
{"message":"Punishments Database Connected!","level":"info","timestamp":"12-14-2020 | 10:30:18 AM"}
{"message":"Loaded 1 Commands in 73ms","level":"info","timestamp":"12-14-2020 | 10:30:18 AM"}
{"message":"Loaded 3 Events in 83ms","level":"info","timestamp":"12-14-2020 | 10:30:18 AM"}
{"message":"Client connected as user Earth United Bot#7516","level":"info","timestamp":"12-14-2020 | 10:30:19 AM"}
{"message":"Main Database Connected!","level":"info","timestamp":"12-14-2020 | 10:35:43 AM"}
{"message":"Economy Database Connected!","level":"info","timestamp":"12-14-2020 | 10:35:43 AM"}
{"message":"Punishments Database Connected!","level":"info","timestamp":"12-14-2020 | 10:35:43 AM"}
{"message":"Loaded 1 Commands in 67ms","level":"info","timestamp":"12-14-2020 | 10:35:44 AM"}
{"message":"Loaded 3 Events in 78ms","level":"info","timestamp":"12-14-2020 | 10:35:44 AM"}
{"message":"Client connected as user Earth United Bot#7516","level":"info","timestamp":"12-14-2020 | 10:35:44 AM"}
{"message":"Main Database Connected!","level":"info","timestamp":"12-14-2020 | 10:37:33 AM"}
{"message":"Economy Database Connected!","level":"info","timestamp":"12-14-2020 | 10:37:33 AM"}
{"message":"Punishments Database Connected!","level":"info","timestamp":"12-14-2020 | 10:37:33 AM"}
{"message":"Loaded 3 Events in 62ms","level":"info","timestamp":"12-14-2020 | 10:37:33 AM"}
{"message":"Loaded 2 Commands in 66ms","level":"info","timestamp":"12-14-2020 | 10:37:33 AM"}
{"message":"Client connected as user Earth United Bot#7516","level":"info","timestamp":"12-14-2020 | 10:37:34 AM"}
{"message":"Main Database Connected!","level":"info","timestamp":"12-14-2020 | 10:41:37 AM"}
{"message":"Economy Database Connected!","level":"info","timestamp":"12-14-2020 | 10:41:37 AM"}
{"message":"Punishments Database Connected!","level":"info","timestamp":"12-14-2020 | 10:41:37 AM"}
{"message":"Loaded 3 Events in 68ms","level":"info","timestamp":"12-14-2020 | 10:41:37 AM"}
{"message":"Loaded 2 Commands in 63ms","level":"info","timestamp":"12-14-2020 | 10:41:37 AM"}
{"message":"Client connected as user Earth United Bot#7516","level":"info","timestamp":"12-14-2020 | 10:41:38 AM"}
{"message":"Main Database Connected!","level":"info","timestamp":"12-14-2020 | 10:41:58 AM"}
{"message":"Economy Database Connected!","level":"info","timestamp":"12-14-2020 | 10:41:58 AM"}
{"message":"Punishments Database Connected!","level":"info","timestamp":"12-14-2020 | 10:41:58 AM"}
{"message":"Loaded 3 Events in 87ms","level":"info","timestamp":"12-14-2020 | 10:41:58 AM"}
{"message":"Loaded 2 Commands in 86ms","level":"info","timestamp":"12-14-2020 | 10:41:58 AM"}
{"message":"Client connected as user Earth United Bot#7516","level":"info","timestamp":"12-14-2020 | 10:41:59 AM"}
{"message":"Main Database Connected!","level":"info","timestamp":"12-14-2020 | 10:45:30 AM"}
{"message":"Economy Database Connected!","level":"info","timestamp":"12-14-2020 | 10:45:30 AM"}
{"message":"Punishments Database Connected!","level":"info","timestamp":"12-14-2020 | 10:45:30 AM"}
{"message":"Loaded 3 Events in 111ms","level":"info","timestamp":"12-14-2020 | 10:45:30 AM"}
{"message":"Loaded 2 Commands in 117ms","level":"info","timestamp":"12-14-2020 | 10:45:30 AM"}
{"message":"Client connected as user Earth United Bot#7516","level":"info","timestamp":"12-14-2020 | 10:45:31 AM"}
{"message":"Main Database Connected!","level":"info","timestamp":"12-14-2020 | 10:46:25 AM"}
{"message":"Economy Database Connected!","level":"info","timestamp":"12-14-2020 | 10:46:25 AM"}
{"message":"Punishments Database Connected!","level":"info","timestamp":"12-14-2020 | 10:46:25 AM"}
{"message":"Loaded 3 Events in 88ms","level":"info","timestamp":"12-14-2020 | 10:46:25 AM"}
{"message":"Loaded 2 Commands in 82ms","level":"info","timestamp":"12-14-2020 | 10:46:25 AM"}
{"message":"Client connected as user Earth United Bot#7516","level":"info","timestamp":"12-14-2020 | 10:46:26 AM"}
{"message":"Main Database Connected!","level":"info","timestamp":"12-14-2020 | 10:46:59 AM"}
{"message":"Economy Database Connected!","level":"info","timestamp":"12-14-2020 | 10:46:59 AM"}
{"message":"Punishments Database Connected!","level":"info","timestamp":"12-14-2020 | 10:46:59 AM"}
{"message":"Loaded 3 Events in 75ms","level":"info","timestamp":"12-14-2020 | 10:46:59 AM"}
{"message":"Loaded 2 Commands in 74ms","level":"info","timestamp":"12-14-2020 | 10:46:59 AM"}
{"message":"Client connected as user Earth United Bot#7516","level":"info","timestamp":"12-14-2020 | 10:47:00 AM"}
{"message":"Main Database Connected!","level":"info","timestamp":"12-14-2020 | 10:47:59 AM"}
{"message":"Economy Database Connected!","level":"info","timestamp":"12-14-2020 | 10:47:59 AM"}
{"message":"Punishments Database Connected!","level":"info","timestamp":"12-14-2020 | 10:47:59 AM"}
{"message":"Loaded 3 Events in 80ms","level":"info","timestamp":"12-14-2020 | 10:47:59 AM"}
{"message":"Loaded 2 Commands in 80ms","level":"info","timestamp":"12-14-2020 | 10:47:59 AM"}
{"message":"Client connected as user Earth United Bot#7516","level":"info","timestamp":"12-14-2020 | 10:47:59 AM"}
{"message":"Main Database Connected!","level":"info","timestamp":"12-14-2020 | 10:48:47 AM"}
{"message":"Economy Database Connected!","level":"info","timestamp":"12-14-2020 | 10:48:47 AM"}
{"message":"Punishments Database Connected!","level":"info","timestamp":"12-14-2020 | 10:48:47 AM"}
{"message":"Loaded 3 Events in 74ms","level":"info","timestamp":"12-14-2020 | 10:48:47 AM"}
{"message":"Loaded 2 Commands in 74ms","level":"info","timestamp":"12-14-2020 | 10:48:47 AM"}
{"message":"Client connected as user Earth United Bot#7516","level":"info","timestamp":"12-14-2020 | 10:48:48 AM"}
{"message":"Main Database Connected!","level":"info","timestamp":"12-14-2020 | 10:50:06 AM"}
{"message":"Economy Database Connected!","level":"info","timestamp":"12-14-2020 | 10:50:06 AM"}
{"message":"Punishments Database Connected!","level":"info","timestamp":"12-14-2020 | 10:50:06 AM"}
{"message":"Loaded 3 Events in 77ms","level":"info","timestamp":"12-14-2020 | 10:50:06 AM"}
{"message":"Loaded 2 Commands in 78ms","level":"info","timestamp":"12-14-2020 | 10:50:06 AM"}
{"message":"Client connected as user Earth United Bot#7516","level":"info","timestamp":"12-14-2020 | 10:50:06 AM"}
{"message":"Main Database Connected!","level":"info","timestamp":"12-14-2020 | 10:52:24 AM"}
{"message":"Economy Database Connected!","level":"info","timestamp":"12-14-2020 | 10:52:24 AM"}
{"message":"Punishments Database Connected!","level":"info","timestamp":"12-14-2020 | 10:52:24 AM"}
{"message":"Loaded 3 Events in 113ms","level":"info","timestamp":"12-14-2020 | 10:52:25 AM"}
{"message":"Loaded 2 Commands in 111ms","level":"info","timestamp":"12-14-2020 | 10:52:25 AM"}
{"message":"Client connected as user Earth United Bot#7516","level":"info","timestamp":"12-14-2020 | 10:52:25 AM"}
{"message":"Main Database Connected!","level":"info","timestamp":"12-14-2020 | 10:53:04 AM"}
{"message":"Economy Database Connected!","level":"info","timestamp":"12-14-2020 | 10:53:04 AM"}
{"message":"Punishments Database Connected!","level":"info","timestamp":"12-14-2020 | 10:53:04 AM"}
{"message":"Loaded 3 Events in 76ms","level":"info","timestamp":"12-14-2020 | 10:53:04 AM"}
{"message":"Loaded 2 Commands in 75ms","level":"info","timestamp":"12-14-2020 | 10:53:04 AM"}
{"message":"Client connected as user Earth United Bot#7516","level":"info","timestamp":"12-14-2020 | 10:53:04 AM"}
{"message":"Main Database Connected!","level":"info","timestamp":"12-14-2020 | 10:54:18 AM"}
{"message":"Economy Database Connected!","level":"info","timestamp":"12-14-2020 | 10:54:18 AM"}
{"message":"Punishments Database Connected!","level":"info","timestamp":"12-14-2020 | 10:54:18 AM"}
{"message":"Loaded 3 Events in 77ms","level":"info","timestamp":"12-14-2020 | 10:54:18 AM"}
{"message":"Loaded 2 Commands in 77ms","level":"info","timestamp":"12-14-2020 | 10:54:18 AM"}
{"message":"Client connected as user Earth United Bot#7516","level":"info","timestamp":"12-14-2020 | 10:54:19 AM"}
{"message":"Main Database Connected!","level":"info","timestamp":"12-14-2020 | 10:55:03 AM"}
{"message":"Economy Database Connected!","level":"info","timestamp":"12-14-2020 | 10:55:03 AM"}
{"message":"Punishments Database Connected!","level":"info","timestamp":"12-14-2020 | 10:55:03 AM"}
{"message":"Loaded 3 Events in 69ms","level":"info","timestamp":"12-14-2020 | 10:55:03 AM"}
{"message":"Loaded 2 Commands in 75ms","level":"info","timestamp":"12-14-2020 | 10:55:03 AM"}
{"message":"Client connected as user Earth United Bot#7516","level":"info","timestamp":"12-14-2020 | 10:55:04 AM"}
{"message":"Main Database Connected!","level":"info","timestamp":"12-14-2020 | 10:59:12 AM"}
{"message":"Economy Database Connected!","level":"info","timestamp":"12-14-2020 | 10:59:12 AM"}
{"message":"Punishments Database Connected!","level":"info","timestamp":"12-14-2020 | 10:59:12 AM"}
{"message":"Loaded 3 Events in 75ms","level":"info","timestamp":"12-14-2020 | 10:59:12 AM"}
{"message":"Loaded 2 Commands in 76ms","level":"info","timestamp":"12-14-2020 | 10:59:12 AM"}
{"message":"Client connected as user Earth United Bot#7516","level":"info","timestamp":"12-14-2020 | 10:59:12 AM"}
{"message":"Main Database Connected!","level":"info","timestamp":"12-14-2020 | 11:00:06 AM"}
{"message":"Economy Database Connected!","level":"info","timestamp":"12-14-2020 | 11:00:06 AM"}
{"message":"Punishments Database Connected!","level":"info","timestamp":"12-14-2020 | 11:00:06 AM"}
{"message":"Loaded 3 Events in 64ms","level":"info","timestamp":"12-14-2020 | 11:00:06 AM"}
{"message":"Loaded 2 Commands in 72ms","level":"info","timestamp":"12-14-2020 | 11:00:06 AM"}
{"message":"Client connected as user Earth United Bot#7516","level":"info","timestamp":"12-14-2020 | 11:00:07 AM"}
{"message":"Main Database Connected!","level":"info","timestamp":"12-14-2020 | 11:00:54 AM"}
{"message":"Economy Database Connected!","level":"info","timestamp":"12-14-2020 | 11:00:54 AM"}
{"message":"Punishments Database Connected!","level":"info","timestamp":"12-14-2020 | 11:00:54 AM"}
{"message":"Loaded 3 Events in 69ms","level":"info","timestamp":"12-14-2020 | 11:00:54 AM"}
{"message":"Loaded 2 Commands in 73ms","level":"info","timestamp":"12-14-2020 | 11:00:54 AM"}
{"message":"Client connected as user Earth United Bot#7516","level":"info","timestamp":"12-14-2020 | 11:00:55 AM"}
{"message":"Main Database Connected!","level":"info","timestamp":"12-14-2020 | 11:02:36 AM"}
{"message":"Economy Database Connected!","level":"info","timestamp":"12-14-2020 | 11:02:36 AM"}
{"message":"Punishments Database Connected!","level":"info","timestamp":"12-14-2020 | 11:02:36 AM"}
{"message":"Loaded 3 Events in 74ms","level":"info","timestamp":"12-14-2020 | 11:02:36 AM"}
{"message":"Loaded 2 Commands in 81ms","level":"info","timestamp":"12-14-2020 | 11:02:36 AM"}
{"message":"Client connected as user Earth United Bot#7516","level":"info","timestamp":"12-14-2020 | 11:02:37 AM"}
{"message":"Main Database Connected!","level":"info","timestamp":"12-14-2020 | 11:04:55 AM"}
{"message":"Economy Database Connected!","level":"info","timestamp":"12-14-2020 | 11:04:55 AM"}
{"message":"Punishments Database Connected!","level":"info","timestamp":"12-14-2020 | 11:04:55 AM"}
{"message":"Loaded 3 Events in 95ms","level":"info","timestamp":"12-14-2020 | 11:04:55 AM"}
{"message":"Loaded 2 Commands in 89ms","level":"info","timestamp":"12-14-2020 | 11:04:55 AM"}
{"message":"Client connected as user Earth United Bot#7516","level":"info","timestamp":"12-14-2020 | 11:04:56 AM"}
{"message":"Main Database Connected!","level":"info","timestamp":"12-14-2020 | 11:05:55 AM"}
{"message":"Economy Database Connected!","level":"info","timestamp":"12-14-2020 | 11:05:55 AM"}
{"message":"Punishments Database Connected!","level":"info","timestamp":"12-14-2020 | 11:05:55 AM"}
{"message":"Loaded 3 Events in 77ms","level":"info","timestamp":"12-14-2020 | 11:05:55 AM"}
{"message":"Loaded 2 Commands in 77ms","level":"info","timestamp":"12-14-2020 | 11:05:55 AM"}
{"message":"Client connected as user Earth United Bot#7516","level":"info","timestamp":"12-14-2020 | 11:05:56 AM"}
{"message":"Main Database Connected!","level":"info","timestamp":"12-14-2020 | 11:06:29 AM"}
{"message":"Economy Database Connected!","level":"info","timestamp":"12-14-2020 | 11:06:29 AM"}
{"message":"Punishments Database Connected!","level":"info","timestamp":"12-14-2020 | 11:06:29 AM"}
{"message":"Loaded 3 Events in 83ms","level":"info","timestamp":"12-14-2020 | 11:06:29 AM"}
{"message":"Loaded 2 Commands in 80ms","level":"info","timestamp":"12-14-2020 | 11:06:29 AM"}
{"message":"Client connected as user Earth United Bot#7516","level":"info","timestamp":"12-14-2020 | 11:06:29 AM"}
{"message":"Main Database Connected!","level":"info","timestamp":"12-14-2020 | 11:06:56 AM"}
{"message":"Economy Database Connected!","level":"info","timestamp":"12-14-2020 | 11:06:56 AM"}
{"message":"Punishments Database Connected!","level":"info","timestamp":"12-14-2020 | 11:06:56 AM"}
{"message":"Loaded 3 Events in 69ms","level":"info","timestamp":"12-14-2020 | 11:06:56 AM"}
{"message":"Loaded 2 Commands in 67ms","level":"info","timestamp":"12-14-2020 | 11:06:56 AM"}
{"message":"Client connected as user Earth United Bot#7516","level":"info","timestamp":"12-14-2020 | 11:06:57 AM"}
{"message":"Main Database Connected!","level":"info","timestamp":"12-14-2020 | 11:11:14 AM"}
{"message":"Economy Database Connected!","level":"info","timestamp":"12-14-2020 | 11:11:14 AM"}
{"message":"Punishments Database Connected!","level":"info","timestamp":"12-14-2020 | 11:11:14 AM"}
{"message":"Loaded 3 Events in 68ms","level":"info","timestamp":"12-14-2020 | 11:11:14 AM"}
{"message":"Loaded 3 Commands in 78ms","level":"info","timestamp":"12-14-2020 | 11:11:14 AM"}
{"message":"Client connected as user Earth United Bot#7516","level":"info","timestamp":"12-14-2020 | 11:11:15 AM"}
{"message":"Main Database Connected!","level":"info","timestamp":"12-14-2020 | 11:14:52 AM"}
{"message":"Economy Database Connected!","level":"info","timestamp":"12-14-2020 | 11:14:52 AM"}
{"message":"Punishments Database Connected!","level":"info","timestamp":"12-14-2020 | 11:14:52 AM"}
{"message":"Loaded 3 Events in 73ms","level":"info","timestamp":"12-14-2020 | 11:14:52 AM"}
{"message":"Loaded 3 Commands in 77ms","level":"info","timestamp":"12-14-2020 | 11:14:52 AM"}
{"message":"Client connected as user Earth United Bot#7516","level":"info","timestamp":"12-14-2020 | 11:14:53 AM"}
{"message":"Main Database Connected!","level":"info","timestamp":"12-14-2020 | 11:16:08 AM"}
{"message":"Economy Database Connected!","level":"info","timestamp":"12-14-2020 | 11:16:08 AM"}
{"message":"Punishments Database Connected!","level":"info","timestamp":"12-14-2020 | 11:16:08 AM"}
{"message":"Loaded 3 Events in 76ms","level":"info","timestamp":"12-14-2020 | 11:16:08 AM"}
{"message":"Loaded 3 Commands in 83ms","level":"info","timestamp":"12-14-2020 | 11:16:08 AM"}
{"message":"Client connected as user Earth United Bot#7516","level":"info","timestamp":"12-14-2020 | 11:16:09 AM"}
{"message":"Main Database Connected!","level":"info","timestamp":"12-14-2020 | 11:18:08 AM"}
{"message":"Economy Database Connected!","level":"info","timestamp":"12-14-2020 | 11:18:08 AM"}
{"message":"Punishments Database Connected!","level":"info","timestamp":"12-14-2020 | 11:18:08 AM"}
{"message":"Loaded 3 Events in 65ms","level":"info","timestamp":"12-14-2020 | 11:18:08 AM"}
{"message":"Loaded 3 Commands in 75ms","level":"info","timestamp":"12-14-2020 | 11:18:08 AM"}
{"message":"Client connected as user Earth United Bot#7516","level":"info","timestamp":"12-14-2020 | 11:18:09 AM"}
{"message":"Main Database Connected!","level":"info","timestamp":"12-14-2020 | 11:19:37 AM"}
{"message":"Economy Database Connected!","level":"info","timestamp":"12-14-2020 | 11:19:37 AM"}
{"message":"Punishments Database Connected!","level":"info","timestamp":"12-14-2020 | 11:19:37 AM"}
{"message":"Loaded 3 Events in 75ms","level":"info","timestamp":"12-14-2020 | 11:19:37 AM"}
{"message":"Loaded 3 Commands in 79ms","level":"info","timestamp":"12-14-2020 | 11:19:37 AM"}
{"message":"Client connected as user Earth United Bot#7516","level":"info","timestamp":"12-14-2020 | 11:19:37 AM"}
{"message":"Main Database Connected!","level":"info","timestamp":"12-14-2020 | 11:20:27 AM"}
{"message":"Economy Database Connected!","level":"info","timestamp":"12-14-2020 | 11:20:27 AM"}
{"message":"Punishments Database Connected!","level":"info","timestamp":"12-14-2020 | 11:20:27 AM"}
{"message":"Loaded 3 Events in 73ms","level":"info","timestamp":"12-14-2020 | 11:20:27 AM"}
{"message":"Loaded 3 Commands in 83ms","level":"info","timestamp":"12-14-2020 | 11:20:27 AM"}
{"message":"Client connected as user Earth United Bot#7516","level":"info","timestamp":"12-14-2020 | 11:20:28 AM"}
{"message":"Main Database Connected!","level":"info","timestamp":"12-14-2020 | 11:21:11 AM"}
{"message":"Economy Database Connected!","level":"info","timestamp":"12-14-2020 | 11:21:11 AM"}
{"message":"Punishments Database Connected!","level":"info","timestamp":"12-14-2020 | 11:21:11 AM"}
{"message":"Loaded 3 Events in 73ms","level":"info","timestamp":"12-14-2020 | 11:21:11 AM"}
{"message":"Loaded 3 Commands in 80ms","level":"info","timestamp":"12-14-2020 | 11:21:11 AM"}
{"message":"Client connected as user Earth United Bot#7516","level":"info","timestamp":"12-14-2020 | 11:21:12 AM"}
{"message":"Main Database Connected!","level":"info","timestamp":"12-14-2020 | 11:23:12 AM"}
{"message":"Economy Database Connected!","level":"info","timestamp":"12-14-2020 | 11:23:12 AM"}
{"message":"Punishments Database Connected!","level":"info","timestamp":"12-14-2020 | 11:23:12 AM"}
{"message":"Loaded 3 Events in 89ms","level":"info","timestamp":"12-14-2020 | 11:23:12 AM"}
{"message":"Loaded 3 Commands in 95ms","level":"info","timestamp":"12-14-2020 | 11:23:12 AM"}
{"message":"Client connected as user Earth United Bot#7516","level":"info","timestamp":"12-14-2020 | 11:23:12 AM"}
{"message":"Main Database Connected!","level":"info","timestamp":"12-14-2020 | 11:24:54 AM"}
{"message":"Economy Database Connected!","level":"info","timestamp":"12-14-2020 | 11:24:54 AM"}
{"message":"Punishments Database Connected!","level":"info","timestamp":"12-14-2020 | 11:24:54 AM"}
{"message":"Loaded 3 Events in 62ms","level":"info","timestamp":"12-14-2020 | 11:24:54 AM"}
{"message":"Loaded 3 Commands in 77ms","level":"info","timestamp":"12-14-2020 | 11:24:54 AM"}
{"message":"Client connected as user Earth United Bot#7516","level":"info","timestamp":"12-14-2020 | 11:24:55 AM"}
{"message":"Main Database Connected!","level":"info","timestamp":"12-14-2020 | 11:29:50 AM"}
{"message":"Economy Database Connected!","level":"info","timestamp":"12-14-2020 | 11:29:50 AM"}
{"message":"Punishments Database Connected!","level":"info","timestamp":"12-14-2020 | 11:29:50 AM"}
{"message":"Loaded 3 Events in 99ms","level":"info","timestamp":"12-14-2020 | 11:29:50 AM"}
{"message":"Loaded 3 Commands in 105ms","level":"info","timestamp":"12-14-2020 | 11:29:50 AM"}
{"message":"Client connected as user Earth United Bot#7516","level":"info","timestamp":"12-14-2020 | 11:29:50 AM"}
{"message":"Main Database Connected!","level":"info","timestamp":"12-14-2020 | 11:30:08 AM"}
{"message":"Economy Database Connected!","level":"info","timestamp":"12-14-2020 | 11:30:08 AM"}
{"message":"Punishments Database Connected!","level":"info","timestamp":"12-14-2020 | 11:30:08 AM"}
{"message":"Loaded 3 Events in 80ms","level":"info","timestamp":"12-14-2020 | 11:30:08 AM"}
{"message":"Loaded 3 Commands in 87ms","level":"info","timestamp":"12-14-2020 | 11:30:08 AM"}
{"message":"Client connected as user Earth United Bot#7516","level":"info","timestamp":"12-14-2020 | 11:30:08 AM"}
{"message":"Main Database Connected!","level":"info","timestamp":"12-14-2020 | 11:32:00 AM"}
{"message":"Economy Database Connected!","level":"info","timestamp":"12-14-2020 | 11:32:00 AM"}
{"message":"Punishments Database Connected!","level":"info","timestamp":"12-14-2020 | 11:32:00 AM"}
{"message":"Loaded 3 Events in 69ms","level":"info","timestamp":"12-14-2020 | 11:32:00 AM"}
{"message":"Loaded 3 Commands in 80ms","level":"info","timestamp":"12-14-2020 | 11:32:00 AM"}
{"message":"Client connected as user Earth United Bot#7516","level":"info","timestamp":"12-14-2020 | 11:32:01 AM"}
{"message":"Main Database Connected!","level":"info","timestamp":"12-14-2020 | 11:34:08 AM"}
{"message":"Economy Database Connected!","level":"info","timestamp":"12-14-2020 | 11:34:08 AM"}
{"message":"Punishments Database Connected!","level":"info","timestamp":"12-14-2020 | 11:34:08 AM"}
{"message":"Loaded 3 Events in 82ms","level":"info","timestamp":"12-14-2020 | 11:34:08 AM"}
{"message":"Loaded 3 Commands in 85ms","level":"info","timestamp":"12-14-2020 | 11:34:08 AM"}
{"message":"Client connected as user Earth United Bot#7516","level":"info","timestamp":"12-14-2020 | 11:34:08 AM"}
{"message":"Main Database Connected!","level":"info","timestamp":"12-14-2020 | 11:35:36 AM"}
{"message":"Economy Database Connected!","level":"info","timestamp":"12-14-2020 | 11:35:36 AM"}
{"message":"Punishments Database Connected!","level":"info","timestamp":"12-14-2020 | 11:35:36 AM"}
{"message":"Loaded 3 Events in 90ms","level":"info","timestamp":"12-14-2020 | 11:35:36 AM"}
{"message":"Loaded 3 Commands in 93ms","level":"info","timestamp":"12-14-2020 | 11:35:36 AM"}
{"message":"Client connected as user Earth United Bot#7516","level":"info","timestamp":"12-14-2020 | 11:35:37 AM"}
{"message":"Main Database Connected!","level":"info","timestamp":"12-14-2020 | 11:37:39 AM"}
{"message":"Economy Database Connected!","level":"info","timestamp":"12-14-2020 | 11:37:39 AM"}
{"message":"Punishments Database Connected!","level":"info","timestamp":"12-14-2020 | 11:37:39 AM"}
{"message":"Loaded 3 Events in 73ms","level":"info","timestamp":"12-14-2020 | 11:37:39 AM"}
{"message":"Loaded 3 Commands in 80ms","level":"info","timestamp":"12-14-2020 | 11:37:39 AM"}
{"message":"Client connected as user Earth United Bot#7516","level":"info","timestamp":"12-14-2020 | 11:37:40 AM"}
{"message":"Main Database Connected!","level":"info","timestamp":"12-14-2020 | 11:42:33 AM"}
{"message":"Economy Database Connected!","level":"info","timestamp":"12-14-2020 | 11:42:33 AM"}
{"message":"Punishments Database Connected!","level":"info","timestamp":"12-14-2020 | 11:42:33 AM"}
{"message":"Loaded 3 Events in 69ms","level":"info","timestamp":"12-14-2020 | 11:42:33 AM"}
{"message":"Loaded 3 Commands in 79ms","level":"info","timestamp":"12-14-2020 | 11:42:33 AM"}
{"message":"Client connected as user Earth United Bot#7516","level":"info","timestamp":"12-14-2020 | 11:42:34 AM"}
{"message":"Main Database Connected!","level":"info","timestamp":"12-14-2020 | 11:43:05 AM"}
{"message":"Economy Database Connected!","level":"info","timestamp":"12-14-2020 | 11:43:05 AM"}
{"message":"Punishments Database Connected!","level":"info","timestamp":"12-14-2020 | 11:43:05 AM"}
{"message":"Loaded 3 Events in 80ms","level":"info","timestamp":"12-14-2020 | 11:43:05 AM"}
{"message":"Loaded 3 Commands in 82ms","level":"info","timestamp":"12-14-2020 | 11:43:05 AM"}
{"message":"Client connected as user Earth United Bot#7516","level":"info","timestamp":"12-14-2020 | 11:43:06 AM"}
{"message":"Main Database Connected!","level":"info","timestamp":"12-14-2020 | 11:46:07 AM"}
{"message":"Economy Database Connected!","level":"info","timestamp":"12-14-2020 | 11:46:07 AM"}
{"message":"Punishments Database Connected!","level":"info","timestamp":"12-14-2020 | 11:46:07 AM"}
{"message":"Loaded 3 Events in 68ms","level":"info","timestamp":"12-14-2020 | 11:46:07 AM"}
{"message":"Loaded 3 Commands in 77ms","level":"info","timestamp":"12-14-2020 | 11:46:07 AM"}
{"message":"Client connected as user Earth United Bot#7516","level":"info","timestamp":"12-14-2020 | 11:46:08 AM"}
{"message":"Main Database Connected!","level":"info","timestamp":"12-14-2020 | 11:46:46 AM"}
{"message":"Economy Database Connected!","level":"info","timestamp":"12-14-2020 | 11:46:46 AM"}
{"message":"Punishments Database Connected!","level":"info","timestamp":"12-14-2020 | 11:46:46 AM"}
{"message":"Loaded 3 Events in 78ms","level":"info","timestamp":"12-14-2020 | 11:46:46 AM"}
{"message":"Loaded 3 Commands in 76ms","level":"info","timestamp":"12-14-2020 | 11:46:46 AM"}
{"message":"Client connected as user Earth United Bot#7516","level":"info","timestamp":"12-14-2020 | 11:46:46 AM"}
{"message":"Main Database Connected!","level":"info","timestamp":"12-14-2020 | 11:47:00 AM"}
{"message":"Economy Database Connected!","level":"info","timestamp":"12-14-2020 | 11:47:00 AM"}
{"message":"Punishments Database Connected!","level":"info","timestamp":"12-14-2020 | 11:47:00 AM"}
{"message":"Loaded 3 Events in 71ms","level":"info","timestamp":"12-14-2020 | 11:47:00 AM"}
{"message":"Loaded 3 Commands in 82ms","level":"info","timestamp":"12-14-2020 | 11:47:00 AM"}
{"message":"Client connected as user Earth United Bot#7516","level":"info","timestamp":"12-14-2020 | 11:47:01 AM"}
{"message":"Main Database Connected!","level":"info","timestamp":"12-14-2020 | 11:48:16 AM"}
{"message":"Economy Database Connected!","level":"info","timestamp":"12-14-2020 | 11:48:16 AM"}
{"message":"Punishments Database Connected!","level":"info","timestamp":"12-14-2020 | 11:48:16 AM"}
{"message":"Loaded 3 Events in 68ms","level":"info","timestamp":"12-14-2020 | 11:48:16 AM"}
{"message":"Loaded 3 Commands in 71ms","level":"info","timestamp":"12-14-2020 | 11:48:16 AM"}
{"message":"Client connected as user Earth United Bot#7516","level":"info","timestamp":"12-14-2020 | 11:48:17 AM"}
{"message":"Main Database Connected!","level":"info","timestamp":"12-14-2020 | 11:49:04 AM"}
{"message":"Economy Database Connected!","level":"info","timestamp":"12-14-2020 | 11:49:04 AM"}
{"message":"Punishments Database Connected!","level":"info","timestamp":"12-14-2020 | 11:49:04 AM"}
{"message":"Loaded 3 Events in 84ms","level":"info","timestamp":"12-14-2020 | 11:49:04 AM"}
{"message":"Loaded 3 Commands in 90ms","level":"info","timestamp":"12-14-2020 | 11:49:04 AM"}
{"message":"Client connected as user Earth United Bot#7516","level":"info","timestamp":"12-14-2020 | 11:49:05 AM"}
{"message":"Main Database Connected!","level":"info","timestamp":"12-14-2020 | 11:50:17 AM"}
{"message":"Economy Database Connected!","level":"info","timestamp":"12-14-2020 | 11:50:17 AM"}
{"message":"Punishments Database Connected!","level":"info","timestamp":"12-14-2020 | 11:50:17 AM"}
{"message":"Loaded 3 Events in 77ms","level":"info","timestamp":"12-14-2020 | 11:50:17 AM"}
{"message":"Loaded 3 Commands in 84ms","level":"info","timestamp":"12-14-2020 | 11:50:17 AM"}
{"message":"Client connected as user Earth United Bot#7516","level":"info","timestamp":"12-14-2020 | 11:50:18 AM"}
{"message":"Main Database Connected!","level":"info","timestamp":"12-14-2020 | 11:52:55 AM"}
{"message":"Economy Database Connected!","level":"info","timestamp":"12-14-2020 | 11:52:55 AM"}
{"message":"Punishments Database Connected!","level":"info","timestamp":"12-14-2020 | 11:52:55 AM"}
{"message":"Loaded 3 Events in 72ms","level":"info","timestamp":"12-14-2020 | 11:52:55 AM"}
{"message":"Loaded 4 Commands in 87ms","level":"info","timestamp":"12-14-2020 | 11:52:55 AM"}
{"message":"Client connected as user Earth United Bot#7516","level":"info","timestamp":"12-14-2020 | 11:52:55 AM"}
{"message":"Main Database Connected!","level":"info","timestamp":"12-14-2020 | 11:54:23 AM"}
{"message":"Economy Database Connected!","level":"info","timestamp":"12-14-2020 | 11:54:23 AM"}
{"message":"Punishments Database Connected!","level":"info","timestamp":"12-14-2020 | 11:54:23 AM"}
{"message":"Loaded 3 Events in 70ms","level":"info","timestamp":"12-14-2020 | 11:54:23 AM"}
{"message":"Loaded 4 Commands in 92ms","level":"info","timestamp":"12-14-2020 | 11:54:23 AM"}
{"message":"Client connected as user Earth United Bot#7516","level":"info","timestamp":"12-14-2020 | 11:54:23 AM"}
{"message":"Main Database Connected!","level":"info","timestamp":"12-14-2020 | 11:54:30 AM"}
{"message":"Economy Database Connected!","level":"info","timestamp":"12-14-2020 | 11:54:30 AM"}
{"message":"Punishments Database Connected!","level":"info","timestamp":"12-14-2020 | 11:54:30 AM"}
{"message":"Loaded 3 Events in 79ms","level":"info","timestamp":"12-14-2020 | 11:54:30 AM"}
{"message":"Loaded 4 Commands in 85ms","level":"info","timestamp":"12-14-2020 | 11:54:30 AM"}
{"message":"Client connected as user Earth United Bot#7516","level":"info","timestamp":"12-14-2020 | 11:54:31 AM"}
{"message":"Main Database Connected!","level":"info","timestamp":"12-14-2020 | 11:56:12 AM"}
{"message":"Economy Database Connected!","level":"info","timestamp":"12-14-2020 | 11:56:12 AM"}
{"message":"Punishments Database Connected!","level":"info","timestamp":"12-14-2020 | 11:56:12 AM"}
{"message":"Loaded 3 Events in 73ms","level":"info","timestamp":"12-14-2020 | 11:56:12 AM"}
{"message":"Loaded 4 Commands in 78ms","level":"info","timestamp":"12-14-2020 | 11:56:12 AM"}
{"message":"Client connected as user Earth United Bot#7516","level":"info","timestamp":"12-14-2020 | 11:56:13 AM"}
{"message":"Main Database Connected!","level":"info","timestamp":"12-14-2020 | 11:59:18 AM"}
{"message":"Economy Database Connected!","level":"info","timestamp":"12-14-2020 | 11:59:18 AM"}
{"message":"Punishments Database Connected!","level":"info","timestamp":"12-14-2020 | 11:59:18 AM"}
{"message":"Loaded 3 Events in 84ms","level":"info","timestamp":"12-14-2020 | 11:59:18 AM"}
{"message":"Loaded 4 Commands in 87ms","level":"info","timestamp":"12-14-2020 | 11:59:18 AM"}
{"message":"Client connected as user Earth United Bot#7516","level":"info","timestamp":"12-14-2020 | 11:59:18 AM"}
{"message":"Main Database Connected!","level":"info","timestamp":"12-14-2020 | 12:01:14 PM"}
{"message":"Economy Database Connected!","level":"info","timestamp":"12-14-2020 | 12:01:14 PM"}
{"message":"Punishments Database Connected!","level":"info","timestamp":"12-14-2020 | 12:01:14 PM"}
{"message":"Loaded 3 Events in 76ms","level":"info","timestamp":"12-14-2020 | 12:01:15 PM"}
{"message":"Loaded 4 Commands in 79ms","level":"info","timestamp":"12-14-2020 | 12:01:15 PM"}
{"message":"Client connected as user Earth United Bot#7516","level":"info","timestamp":"12-14-2020 | 12:01:15 PM"}
{"message":"Main Database Connected!","level":"info","timestamp":"12-14-2020 | 12:01:30 PM"}
{"message":"Economy Database Connected!","level":"info","timestamp":"12-14-2020 | 12:01:30 PM"}
{"message":"Punishments Database Connected!","level":"info","timestamp":"12-14-2020 | 12:01:30 PM"}
{"message":"Loaded 3 Events in 72ms","level":"info","timestamp":"12-14-2020 | 12:01:30 PM"}
{"message":"Loaded 4 Commands in 79ms","level":"info","timestamp":"12-14-2020 | 12:01:30 PM"}
{"message":"Client connected as user Earth United Bot#7516","level":"info","timestamp":"12-14-2020 | 12:01:31 PM"}
{"message":"Main Database Connected!","level":"info","timestamp":"12-14-2020 | 09:32:28 PM"}
{"message":"Economy Database Connected!","level":"info","timestamp":"12-14-2020 | 09:32:28 PM"}
{"message":"Punishments Database Connected!","level":"info","timestamp":"12-14-2020 | 09:32:28 PM"}
{"message":"Loaded 3 Events in 80ms","level":"info","timestamp":"12-14-2020 | 09:32:28 PM"}
{"message":"Loaded 6 Commands in 42ms","level":"info","timestamp":"12-14-2020 | 09:32:28 PM"}
{"message":"Client connected as user Earth United Bot#7516","level":"info","timestamp":"12-14-2020 | 09:32:28 PM"}
{"message":"Main Database Connected!","level":"info","timestamp":"12-14-2020 | 09:33:35 PM"}
{"message":"Economy Database Connected!","level":"info","timestamp":"12-14-2020 | 09:33:35 PM"}
{"message":"Punishments Database Connected!","level":"info","timestamp":"12-14-2020 | 09:33:35 PM"}
{"message":"Loaded 3 Events in 38ms","level":"info","timestamp":"12-14-2020 | 09:33:35 PM"}
{"message":"Loaded 6 Commands in 43ms","level":"info","timestamp":"12-14-2020 | 09:33:35 PM"}
{"message":"Client connected as user Earth United Bot#7516","level":"info","timestamp":"12-14-2020 | 09:33:36 PM"}
{"message":"Main Database Connected!","level":"info","timestamp":"12-14-2020 | 09:35:22 PM"}
{"message":"Economy Database Connected!","level":"info","timestamp":"12-14-2020 | 09:35:22 PM"}
{"message":"Punishments Database Connected!","level":"info","timestamp":"12-14-2020 | 09:35:22 PM"}
{"message":"Loaded 3 Events in 33ms","level":"info","timestamp":"12-14-2020 | 09:35:22 PM"}
{"message":"Loaded 6 Commands in 43ms","level":"info","timestamp":"12-14-2020 | 09:35:22 PM"}
{"message":"Client connected as user Earth United Bot#7516","level":"info","timestamp":"12-14-2020 | 09:35:22 PM"}
{"message":"Main Database Connected!","level":"info","timestamp":"12-14-2020 | 09:47:14 PM"}
{"message":"Economy Database Connected!","level":"info","timestamp":"12-14-2020 | 09:47:14 PM"}
{"message":"Punishments Database Connected!","level":"info","timestamp":"12-14-2020 | 09:47:14 PM"}
{"message":"Loaded 3 Events in 35ms","level":"info","timestamp":"12-14-2020 | 09:47:15 PM"}
{"message":"Loaded 6 Commands in 45ms","level":"info","timestamp":"12-14-2020 | 09:47:15 PM"}
{"message":"Client connected as user Earth United Bot#7516","level":"info","timestamp":"12-14-2020 | 09:47:15 PM"}
{"message":"Main Database Connected!","level":"info","timestamp":"12-16-2020 | 05:57:25 PM"}
{"message":"Economy Database Connected!","level":"info","timestamp":"12-16-2020 | 05:57:25 PM"}
{"message":"Punishments Database Connected!","level":"info","timestamp":"12-16-2020 | 05:57:25 PM"}
{"message":"Loaded 3 Events in 34ms","level":"info","timestamp":"12-16-2020 | 05:57:26 PM"}
{"message":"Loaded 7 Commands in 43ms","level":"info","timestamp":"12-16-2020 | 05:57:26 PM"}
{"message":"Client connected as user Earth United Bot#7516","level":"info","timestamp":"12-16-2020 | 05:57:26 PM"}
{"message":"Main Database Connected!","level":"info","timestamp":"12-16-2020 | 06:57:36 PM"}
{"message":"Economy Database Connected!","level":"info","timestamp":"12-16-2020 | 06:57:36 PM"}
{"message":"Punishments Database Connected!","level":"info","timestamp":"12-16-2020 | 06:57:36 PM"}
{"message":"Loaded 3 Events in 172ms","level":"info","timestamp":"12-16-2020 | 06:57:36 PM"}
{"message":"Loaded 7 Commands in 125ms","level":"info","timestamp":"12-16-2020 | 06:57:36 PM"}
{"message":"Client connected as user Earth United Bot#7516","level":"info","timestamp":"12-16-2020 | 06:57:36 PM"}
{"message":"Main Database Connected!","level":"info","timestamp":"12-16-2020 | 06:58:04 PM"}
{"message":"Economy Database Connected!","level":"info","timestamp":"12-16-2020 | 06:58:04 PM"}
{"message":"Punishments Database Connected!","level":"info","timestamp":"12-16-2020 | 06:58:04 PM"}
{"message":"Loaded 3 Events in 35ms","level":"info","timestamp":"12-16-2020 | 06:58:04 PM"}
{"message":"Loaded 7 Commands in 42ms","level":"info","timestamp":"12-16-2020 | 06:58:04 PM"}
{"message":"Client connected as user Earth United Bot#7516","level":"info","timestamp":"12-16-2020 | 06:58:04 PM"}
{"message":"Main Database Connected!","level":"info","timestamp":"12-16-2020 | 07:00:01 PM"}
{"message":"Economy Database Connected!","level":"info","timestamp":"12-16-2020 | 07:00:01 PM"}
{"message":"Punishments Database Connected!","level":"info","timestamp":"12-16-2020 | 07:00:01 PM"}
{"message":"Loaded 3 Events in 37ms","level":"info","timestamp":"12-16-2020 | 07:00:01 PM"}
{"message":"Loaded 7 Commands in 44ms","level":"info","timestamp":"12-16-2020 | 07:00:01 PM"}
{"message":"Client connected as user Earth United Bot#7516","level":"info","timestamp":"12-16-2020 | 07:00:02 PM"}
{"message":"Main Database Connected!","level":"info","timestamp":"12-16-2020 | 07:08:32 PM"}
{"message":"Economy Database Connected!","level":"info","timestamp":"12-16-2020 | 07:08:32 PM"}
{"message":"Punishments Database Connected!","level":"info","timestamp":"12-16-2020 | 07:08:32 PM"}
{"message":"Loaded 3 Events in 37ms","level":"info","timestamp":"12-16-2020 | 07:08:33 PM"}
{"message":"Loaded 7 Commands in 44ms","level":"info","timestamp":"12-16-2020 | 07:08:33 PM"}
{"message":"Client connected as user Earth United Bot#7516","level":"info","timestamp":"12-16-2020 | 07:08:33 PM"}
{"message":"Main Database Connected!","level":"info","timestamp":"12-16-2020 | 07:09:15 PM"}
{"message":"Economy Database Connected!","level":"info","timestamp":"12-16-2020 | 07:09:15 PM"}
{"message":"Punishments Database Connected!","level":"info","timestamp":"12-16-2020 | 07:09:15 PM"}
{"message":"Loaded 3 Events in 36ms","level":"info","timestamp":"12-16-2020 | 07:09:15 PM"}
{"message":"Loaded 7 Commands in 41ms","level":"info","timestamp":"12-16-2020 | 07:09:15 PM"}
{"message":"Client connected as user Earth United Bot#7516","level":"info","timestamp":"12-16-2020 | 07:09:15 PM"}
{"message":"Main Database Connected!","level":"info","timestamp":"12-16-2020 | 07:17:16 PM"}
{"message":"Economy Database Connected!","level":"info","timestamp":"12-16-2020 | 07:17:16 PM"}
{"message":"Punishments Database Connected!","level":"info","timestamp":"12-16-2020 | 07:17:16 PM"}
{"message":"Loaded 3 Events in 35ms","level":"info","timestamp":"12-16-2020 | 07:17:16 PM"}
{"message":"Loaded 7 Commands in 43ms","level":"info","timestamp":"12-16-2020 | 07:17:16 PM"}
{"message":"Client connected as user Earth United Bot#7516","level":"info","timestamp":"12-16-2020 | 07:17:17 PM"}
{"message":"Main Database Connected!","level":"info","timestamp":"12-16-2020 | 07:23:02 PM"}
{"message":"Economy Database Connected!","level":"info","timestamp":"12-16-2020 | 07:23:02 PM"}
{"message":"Punishments Database Connected!","level":"info","timestamp":"12-16-2020 | 07:23:02 PM"}
{"message":"Loaded 3 Events in 35ms","level":"info","timestamp":"12-16-2020 | 07:23:02 PM"}
{"message":"Loaded 7 Commands in 44ms","level":"info","timestamp":"12-16-2020 | 07:23:02 PM"}
{"message":"Client connected as user Earth United Bot#7516","level":"info","timestamp":"12-16-2020 | 07:23:02 PM"}
{"message":"Main Database Connected!","level":"info","timestamp":"12-16-2020 | 07:24:05 PM"}
{"message":"Economy Database Connected!","level":"info","timestamp":"12-16-2020 | 07:24:05 PM"}
{"message":"Punishments Database Connected!","level":"info","timestamp":"12-16-2020 | 07:24:05 PM"}
{"message":"Loaded 3 Events in 37ms","level":"info","timestamp":"12-16-2020 | 07:24:05 PM"}
{"message":"Loaded 7 Commands in 44ms","level":"info","timestamp":"12-16-2020 | 07:24:05 PM"}
{"message":"Client connected as user Earth United Bot#7516","level":"info","timestamp":"12-16-2020 | 07:24:06 PM"}
{"message":"Main Database Connected!","level":"info","timestamp":"12-16-2020 | 07:57:52 PM"}
{"message":"Economy Database Connected!","level":"info","timestamp":"12-16-2020 | 07:57:52 PM"}
{"message":"Punishments Database Connected!","level":"info","timestamp":"12-16-2020 | 07:57:52 PM"}
{"message":"Loaded 3 Events in 35ms","level":"info","timestamp":"12-16-2020 | 07:57:52 PM"}
{"message":"Loaded 8 Commands in 45ms","level":"info","timestamp":"12-16-2020 | 07:57:52 PM"}
{"message":"Client connected as user Earth United Bot#7516","level":"info","timestamp":"12-16-2020 | 07:57:53 PM"}
{"message":"Main Database Connected!","level":"info","timestamp":"12-16-2020 | 07:58:56 PM"}
{"message":"Economy Database Connected!","level":"info","timestamp":"12-16-2020 | 07:58:56 PM"}
{"message":"Punishments Database Connected!","level":"info","timestamp":"12-16-2020 | 07:58:56 PM"}
{"message":"Loaded 3 Events in 33ms","level":"info","timestamp":"12-16-2020 | 07:58:56 PM"}
{"message":"Loaded 8 Commands in 43ms","level":"info","timestamp":"12-16-2020 | 07:58:56 PM"}
{"message":"Client connected as user Earth United Bot#7516","level":"info","timestamp":"12-16-2020 | 07:58:57 PM"}
{"message":"Main Database Connected!","level":"info","timestamp":"12-16-2020 | 08:02:34 PM"}
{"message":"Economy Database Connected!","level":"info","timestamp":"12-16-2020 | 08:02:34 PM"}
{"message":"Punishments Database Connected!","level":"info","timestamp":"12-16-2020 | 08:02:34 PM"}
{"message":"Loaded 3 Events in 40ms","level":"info","timestamp":"12-16-2020 | 08:02:34 PM"}
{"message":"Loaded 8 Commands in 49ms","level":"info","timestamp":"12-16-2020 | 08:02:34 PM"}
{"message":"Client connected as user Earth United Bot#7516","level":"info","timestamp":"12-16-2020 | 08:02:34 PM"}
{"message":"Main Database Connected!","level":"info","timestamp":"12-16-2020 | 08:20:43 PM"}
{"message":"Economy Database Connected!","level":"info","timestamp":"12-16-2020 | 08:20:43 PM"}
{"message":"Punishments Database Connected!","level":"info","timestamp":"12-16-2020 | 08:20:43 PM"}
{"message":"Loaded 3 Events in 33ms","level":"info","timestamp":"12-16-2020 | 08:20:44 PM"}
{"message":"Loaded 8 Commands in 42ms","level":"info","timestamp":"12-16-2020 | 08:20:44 PM"}
{"message":"Client connected as user Earth United Bot#7516","level":"info","timestamp":"12-16-2020 | 08:20:44 PM"}
{"message":"Main Database Connected!","level":"info","timestamp":"12-16-2020 | 08:22:07 PM"}
{"message":"Economy Database Connected!","level":"info","timestamp":"12-16-2020 | 08:22:07 PM"}
{"message":"Punishments Database Connected!","level":"info","timestamp":"12-16-2020 | 08:22:07 PM"}
{"message":"Loaded 3 Events in 35ms","level":"info","timestamp":"12-16-2020 | 08:22:07 PM"}
{"message":"Loaded 8 Commands in 45ms","level":"info","timestamp":"12-16-2020 | 08:22:07 PM"}
{"message":"Client connected as user Earth United Bot#7516","level":"info","timestamp":"12-16-2020 | 08:22:07 PM"}
{"message":"Main Database Connected!","level":"info","timestamp":"12-16-2020 | 08:22:59 PM"}
{"message":"Economy Database Connected!","level":"info","timestamp":"12-16-2020 | 08:22:59 PM"}
{"message":"Punishments Database Connected!","level":"info","timestamp":"12-16-2020 | 08:22:59 PM"}
{"message":"Loaded 3 Events in 34ms","level":"info","timestamp":"12-16-2020 | 08:22:59 PM"}
{"message":"Loaded 8 Commands in 43ms","level":"info","timestamp":"12-16-2020 | 08:22:59 PM"}
{"message":"Client connected as user Earth United Bot#7516","level":"info","timestamp":"12-16-2020 | 08:22:59 PM"}
{"message":"Main Database Connected!","level":"info","timestamp":"12-16-2020 | 08:23:57 PM"}
{"message":"Economy Database Connected!","level":"info","timestamp":"12-16-2020 | 08:23:57 PM"}
{"message":"Punishments Database Connected!","level":"info","timestamp":"12-16-2020 | 08:23:57 PM"}
{"message":"Loaded 3 Events in 35ms","level":"info","timestamp":"12-16-2020 | 08:23:57 PM"}
{"message":"Loaded 8 Commands in 45ms","level":"info","timestamp":"12-16-2020 | 08:23:57 PM"}
{"message":"Client connected as user Earth United Bot#7516","level":"info","timestamp":"12-16-2020 | 08:23:57 PM"}
{"message":"Main Database Connected!","level":"info","timestamp":"12-16-2020 | 09:30:34 PM"}
{"message":"Economy Database Connected!","level":"info","timestamp":"12-16-2020 | 09:30:34 PM"}
{"message":"Punishments Database Connected!","level":"info","timestamp":"12-16-2020 | 09:30:34 PM"}
{"message":"Loaded 3 Events in 35ms","level":"info","timestamp":"12-16-2020 | 09:30:34 PM"}
{"message":"Loaded 8 Commands in 47ms","level":"info","timestamp":"12-16-2020 | 09:30:34 PM"}
{"message":"Client connected as user Earth United Bot#7516","level":"info","timestamp":"12-16-2020 | 09:30:35 PM"}
{"message":"Main Database Connected!","level":"info","timestamp":"12-16-2020 | 09:38:25 PM"}
{"message":"Economy Database Connected!","level":"info","timestamp":"12-16-2020 | 09:38:25 PM"}
{"message":"Punishments Database Connected!","level":"info","timestamp":"12-16-2020 | 09:38:25 PM"}
{"message":"Loaded 3 Events in 35ms","level":"info","timestamp":"12-16-2020 | 09:38:25 PM"}
{"message":"Loaded 8 Commands in 46ms","level":"info","timestamp":"12-16-2020 | 09:38:25 PM"}
{"message":"Client connected as user Earth United Bot#7516","level":"info","timestamp":"12-16-2020 | 09:38:26 PM"}
{"message":"Main Database Connected!","level":"info","timestamp":"12-16-2020 | 09:41:11 PM"}
{"message":"Economy Database Connected!","level":"info","timestamp":"12-16-2020 | 09:41:11 PM"}
{"message":"Punishments Database Connected!","level":"info","timestamp":"12-16-2020 | 09:41:11 PM"}
{"message":"Loaded 3 Events in 37ms","level":"info","timestamp":"12-16-2020 | 09:41:11 PM"}
{"message":"Loaded 8 Commands in 47ms","level":"info","timestamp":"12-16-2020 | 09:41:11 PM"}
{"message":"Client connected as user Earth United Bot#7516","level":"info","timestamp":"12-16-2020 | 09:41:12 PM"}
{"message":"Main Database Connected!","level":"info","timestamp":"12-16-2020 | 09:41:44 PM"}
{"message":"Economy Database Connected!","level":"info","timestamp":"12-16-2020 | 09:41:44 PM"}
{"message":"Punishments Database Connected!","level":"info","timestamp":"12-16-2020 | 09:41:44 PM"}
{"message":"Loaded 3 Events in 37ms","level":"info","timestamp":"12-16-2020 | 09:41:44 PM"}
{"message":"Loaded 8 Commands in 44ms","level":"info","timestamp":"12-16-2020 | 09:41:44 PM"}
{"message":"Client connected as user Earth United Bot#7516","level":"info","timestamp":"12-16-2020 | 09:41:44 PM"}
{"message":"Main Database Connected!","level":"info","timestamp":"12-16-2020 | 09:45:24 PM"}
{"message":"Economy Database Connected!","level":"info","timestamp":"12-16-2020 | 09:45:24 PM"}
{"message":"Punishments Database Connected!","level":"info","timestamp":"12-16-2020 | 09:45:24 PM"}
{"message":"Loaded 3 Events in 38ms","level":"info","timestamp":"12-16-2020 | 09:45:24 PM"}
{"message":"Loaded 8 Commands in 48ms","level":"info","timestamp":"12-16-2020 | 09:45:24 PM"}
{"message":"Client connected as user Earth United Bot#7516","level":"info","timestamp":"12-16-2020 | 09:45:25 PM"}
{"message":"Main Database Connected!","level":"info","timestamp":"12-16-2020 | 09:46:02 PM"}
{"message":"Economy Database Connected!","level":"info","timestamp":"12-16-2020 | 09:46:02 PM"}
{"message":"Punishments Database Connected!","level":"info","timestamp":"12-16-2020 | 09:46:02 PM"}
{"message":"Loaded 3 Events in 33ms","level":"info","timestamp":"12-16-2020 | 09:46:02 PM"}
{"message":"Loaded 8 Commands in 46ms","level":"info","timestamp":"12-16-2020 | 09:46:02 PM"}
{"message":"Client connected as user Earth United Bot#7516","level":"info","timestamp":"12-16-2020 | 09:46:02 PM"}
{"message":"Main Database Connected!","level":"info","timestamp":"12-16-2020 | 09:50:10 PM"}
{"message":"Economy Database Connected!","level":"info","timestamp":"12-16-2020 | 09:50:10 PM"}
{"message":"Punishments Database Connected!","level":"info","timestamp":"12-16-2020 | 09:50:10 PM"}
{"message":"Loaded 3 Events in 33ms","level":"info","timestamp":"12-16-2020 | 09:50:10 PM"}
{"message":"Loaded 8 Commands in 43ms","level":"info","timestamp":"12-16-2020 | 09:50:10 PM"}
{"message":"Client connected as user Earth United Bot#7516","level":"info","timestamp":"12-16-2020 | 09:50:10 PM"}
{"message":"Main Database Connected!","level":"info","timestamp":"12-16-2020 | 09:50:34 PM"}
{"message":"Economy Database Connected!","level":"info","timestamp":"12-16-2020 | 09:50:34 PM"}
{"message":"Punishments Database Connected!","level":"info","timestamp":"12-16-2020 | 09:50:34 PM"}
{"message":"Loaded 3 Events in 37ms","level":"info","timestamp":"12-16-2020 | 09:50:34 PM"}
{"message":"Loaded 8 Commands in 47ms","level":"info","timestamp":"12-16-2020 | 09:50:34 PM"}
{"message":"Client connected as user Earth United Bot#7516","level":"info","timestamp":"12-16-2020 | 09:50:35 PM"}
{"message":"Main Database Connected!","level":"info","timestamp":"12-16-2020 | 09:52:28 PM"}
{"message":"Economy Database Connected!","level":"info","timestamp":"12-16-2020 | 09:52:28 PM"}
{"message":"Punishments Database Connected!","level":"info","timestamp":"12-16-2020 | 09:52:28 PM"}
{"message":"Loaded 3 Events in 34ms","level":"info","timestamp":"12-16-2020 | 09:52:28 PM"}
{"message":"Loaded 8 Commands in 46ms","level":"info","timestamp":"12-16-2020 | 09:52:28 PM"}
{"message":"Client connected as user Earth United Bot#7516","level":"info","timestamp":"12-16-2020 | 09:52:29 PM"}
{"message":"Main Database Connected!","level":"info","timestamp":"12-16-2020 | 09:53:35 PM"}
{"message":"Economy Database Connected!","level":"info","timestamp":"12-16-2020 | 09:53:35 PM"}
{"message":"Punishments Database Connected!","level":"info","timestamp":"12-16-2020 | 09:53:35 PM"}
{"message":"Loaded 3 Events in 34ms","level":"info","timestamp":"12-16-2020 | 09:53:35 PM"}
{"message":"Loaded 8 Commands in 46ms","level":"info","timestamp":"12-16-2020 | 09:53:35 PM"}
{"message":"Client connected as user Earth United Bot#7516","level":"info","timestamp":"12-16-2020 | 09:53:35 PM"}
{"message":"Main Database Connected!","level":"info","timestamp":"12-16-2020 | 09:54:54 PM"}
{"message":"Economy Database Connected!","level":"info","timestamp":"12-16-2020 | 09:54:54 PM"}
{"message":"Punishments Database Connected!","level":"info","timestamp":"12-16-2020 | 09:54:54 PM"}
{"message":"Loaded 3 Events in 33ms","level":"info","timestamp":"12-16-2020 | 09:54:54 PM"}
{"message":"Loaded 8 Commands in 45ms","level":"info","timestamp":"12-16-2020 | 09:54:54 PM"}
{"message":"Client connected as user Earth United Bot#7516","level":"info","timestamp":"12-16-2020 | 09:54:55 PM"}
{"message":"Main Database Connected!","level":"info","timestamp":"12-16-2020 | 09:55:14 PM"}
{"message":"Economy Database Connected!","level":"info","timestamp":"12-16-2020 | 09:55:14 PM"}
{"message":"Punishments Database Connected!","level":"info","timestamp":"12-16-2020 | 09:55:14 PM"}
{"message":"Loaded 3 Events in 33ms","level":"info","timestamp":"12-16-2020 | 09:55:14 PM"}
{"message":"Loaded 8 Commands in 45ms","level":"info","timestamp":"12-16-2020 | 09:55:14 PM"}
{"message":"Client connected as user Earth United Bot#7516","level":"info","timestamp":"12-16-2020 | 09:55:15 PM"}
{"message":"Main Database Connected!","level":"info","timestamp":"12-21-2020 | 11:31:19 AM"}
{"message":"Economy Database Connected!","level":"info","timestamp":"12-21-2020 | 11:31:19 AM"}
{"message":"Punishments Database Connected!","level":"info","timestamp":"12-21-2020 | 11:31:19 AM"}
{"message":"Loaded 3 Events in 187ms","level":"info","timestamp":"12-21-2020 | 11:31:20 AM"}
{"message":"Loaded 8 Commands in 161ms","level":"info","timestamp":"12-21-2020 | 11:31:20 AM"}
{"message":"Client connected as user Earth United Bot#7516","level":"info","timestamp":"12-21-2020 | 11:31:20 AM"}
{"message":"Main Database Connected!","level":"info","timestamp":"12-21-2020 | 11:34:09 AM"}
{"message":"Economy Database Connected!","level":"info","timestamp":"12-21-2020 | 11:34:09 AM"}
{"message":"Punishments Database Connected!","level":"info","timestamp":"12-21-2020 | 11:34:09 AM"}
{"message":"Loaded 3 Events in 35ms","level":"info","timestamp":"12-21-2020 | 11:34:09 AM"}
{"message":"Loaded 8 Commands in 43ms","level":"info","timestamp":"12-21-2020 | 11:34:09 AM"}
{"message":"Client connected as user Earth United Bot#7516","level":"info","timestamp":"12-21-2020 | 11:34:09 AM"}
{"message":"Main Database Connected!","level":"info","timestamp":"12-21-2020 | 11:37:27 AM"}
{"message":"Economy Database Connected!","level":"info","timestamp":"12-21-2020 | 11:37:27 AM"}
{"message":"Punishments Database Connected!","level":"info","timestamp":"12-21-2020 | 11:37:27 AM"}
{"message":"Loaded 3 Events in 38ms","level":"info","timestamp":"12-21-2020 | 11:37:27 AM"}
{"message":"Loaded 8 Commands in 44ms","level":"info","timestamp":"12-21-2020 | 11:37:27 AM"}
{"message":"Client connected as user Earth United Bot#7516","level":"info","timestamp":"12-21-2020 | 11:37:28 AM"}
{"message":"Main Database Connected!","level":"info","timestamp":"12-21-2020 | 11:41:02 AM"}
{"message":"Economy Database Connected!","level":"info","timestamp":"12-21-2020 | 11:41:02 AM"}
{"message":"Punishments Database Connected!","level":"info","timestamp":"12-21-2020 | 11:41:02 AM"}
{"message":"Loaded 3 Events in 32ms","level":"info","timestamp":"12-21-2020 | 11:41:02 AM"}
{"message":"Loaded 8 Commands in 42ms","level":"info","timestamp":"12-21-2020 | 11:41:02 AM"}
{"message":"Client connected as user Earth United Bot#7516","level":"info","timestamp":"12-21-2020 | 11:41:02 AM"}
{"message":"Main Database Connected!","level":"info","timestamp":"12-21-2020 | 11:42:20 AM"}
{"message":"Economy Database Connected!","level":"info","timestamp":"12-21-2020 | 11:42:20 AM"}
{"message":"Punishments Database Connected!","level":"info","timestamp":"12-21-2020 | 11:42:20 AM"}
{"message":"Loaded 3 Events in 35ms","level":"info","timestamp":"12-21-2020 | 11:42:20 AM"}
{"message":"Loaded 8 Commands in 46ms","level":"info","timestamp":"12-21-2020 | 11:42:20 AM"}
{"message":"Client connected as user Earth United Bot#7516","level":"info","timestamp":"12-21-2020 | 11:42:20 AM"}
{"message":"Main Database Connected!","level":"info","timestamp":"12-21-2020 | 11:43:48 AM"}
{"message":"Economy Database Connected!","level":"info","timestamp":"12-21-2020 | 11:43:48 AM"}
{"message":"Punishments Database Connected!","level":"info","timestamp":"12-21-2020 | 11:43:48 AM"}
{"message":"Loaded 3 Events in 34ms","level":"info","timestamp":"12-21-2020 | 11:43:48 AM"}
{"message":"Loaded 8 Commands in 43ms","level":"info","timestamp":"12-21-2020 | 11:43:48 AM"}
{"message":"Client connected as user Earth United Bot#7516","level":"info","timestamp":"12-21-2020 | 11:43:49 AM"}
{"message":"Main Database Connected!","level":"info","timestamp":"12-21-2020 | 11:48:07 AM"}
{"message":"Economy Database Connected!","level":"info","timestamp":"12-21-2020 | 11:48:07 AM"}
{"message":"Punishments Database Connected!","level":"info","timestamp":"12-21-2020 | 11:48:07 AM"}
{"message":"Loaded 3 Events in 36ms","level":"info","timestamp":"12-21-2020 | 11:48:07 AM"}
{"message":"Loaded 9 Commands in 46ms","level":"info","timestamp":"12-21-2020 | 11:48:07 AM"}
{"message":"Client connected as user Earth United Bot#7516","level":"info","timestamp":"12-21-2020 | 11:48:08 AM"}
{"message":"Main Database Connected!","level":"info","timestamp":"12-21-2020 | 11:12:29 PM"}
{"message":"Economy Database Connected!","level":"info","timestamp":"12-21-2020 | 11:12:29 PM"}
{"message":"Punishments Database Connected!","level":"info","timestamp":"12-21-2020 | 11:12:29 PM"}
{"message":"Main Database Connected!","level":"info","timestamp":"12-21-2020 | 11:13:02 PM"}
{"message":"Economy Database Connected!","level":"info","timestamp":"12-21-2020 | 11:13:02 PM"}
{"message":"Punishments Database Connected!","level":"info","timestamp":"12-21-2020 | 11:13:02 PM"}
{"message":"Main Database Connected!","level":"info","timestamp":"12-21-2020 | 11:13:14 PM"}
{"message":"Economy Database Connected!","level":"info","timestamp":"12-21-2020 | 11:13:14 PM"}
{"message":"Punishments Database Connected!","level":"info","timestamp":"12-21-2020 | 11:13:14 PM"}
{"message":"Loaded 3 Events in 36ms","level":"info","timestamp":"12-21-2020 | 11:13:14 PM"}
{"message":"Loaded 10 Commands in 149ms","level":"info","timestamp":"12-21-2020 | 11:13:15 PM"}
{"message":"Client connected as user Earth United Bot#7516","level":"info","timestamp":"12-21-2020 | 11:13:15 PM"}
{"message":"Main Database Connected!","level":"info","timestamp":"12-21-2020 | 11:13:30 PM"}
{"message":"Economy Database Connected!","level":"info","timestamp":"12-21-2020 | 11:13:30 PM"}
{"message":"Punishments Database Connected!","level":"info","timestamp":"12-21-2020 | 11:13:30 PM"}
{"message":"Loaded 3 Events in 34ms","level":"info","timestamp":"12-21-2020 | 11:13:30 PM"}
{"message":"Loaded 10 Commands in 49ms","level":"info","timestamp":"12-21-2020 | 11:13:30 PM"}
{"message":"Client connected as user Earth United Bot#7516","level":"info","timestamp":"12-21-2020 | 11:13:30 PM"}
{"message":"Main Database Connected!","level":"info","timestamp":"12-21-2020 | 11:15:08 PM"}
{"message":"Economy Database Connected!","level":"info","timestamp":"12-21-2020 | 11:15:08 PM"}
{"message":"Punishments Database Connected!","level":"info","timestamp":"12-21-2020 | 11:15:08 PM"}
{"message":"Loaded 3 Events in 38ms","level":"info","timestamp":"12-21-2020 | 11:15:08 PM"}
{"message":"Loaded 10 Commands in 56ms","level":"info","timestamp":"12-21-2020 | 11:15:08 PM"}
{"message":"Client connected as user Earth United Bot#7516","level":"info","timestamp":"12-21-2020 | 11:15:09 PM"}
{"message":"Main Database Connected!","level":"info","timestamp":"12-21-2020 | 11:23:56 PM"}
{"message":"Economy Database Connected!","level":"info","timestamp":"12-21-2020 | 11:23:56 PM"}
{"message":"Punishments Database Connected!","level":"info","timestamp":"12-21-2020 | 11:23:56 PM"}
{"message":"Loaded 3 Events in 41ms","level":"info","timestamp":"12-21-2020 | 11:23:56 PM"}
{"message":"Loaded 10 Commands in 58ms","level":"info","timestamp":"12-21-2020 | 11:23:56 PM"}
{"message":"Client connected as user Earth United Bot#7516","level":"info","timestamp":"12-21-2020 | 11:23:56 PM"}
{"message":"Main Database Connected!","level":"info","timestamp":"12-21-2020 | 11:29:40 PM"}
{"message":"Economy Database Connected!","level":"info","timestamp":"12-21-2020 | 11:29:40 PM"}
{"message":"Punishments Database Connected!","level":"info","timestamp":"12-21-2020 | 11:29:40 PM"}
{"message":"Loaded 3 Events in 35ms","level":"info","timestamp":"12-21-2020 | 11:29:40 PM"}
{"message":"Main Database Connected!","level":"info","timestamp":"12-21-2020 | 11:31:01 PM"}
{"message":"Economy Database Connected!","level":"info","timestamp":"12-21-2020 | 11:31:01 PM"}
{"message":"Punishments Database Connected!","level":"info","timestamp":"12-21-2020 | 11:31:01 PM"}
{"message":"Loaded 3 Events in 37ms","level":"info","timestamp":"12-21-2020 | 11:31:01 PM"}
{"message":"Loaded 10 Commands in 55ms","level":"info","timestamp":"12-21-2020 | 11:31:01 PM"}
{"message":"Client connected as user Earth United Bot#7516","level":"info","timestamp":"12-21-2020 | 11:31:01 PM"}
{"message":"Main Database Connected!","level":"info","timestamp":"12-21-2020 | 11:40:28 PM"}
{"message":"Economy Database Connected!","level":"info","timestamp":"12-21-2020 | 11:40:28 PM"}
{"message":"Punishments Database Connected!","level":"info","timestamp":"12-21-2020 | 11:40:28 PM"}
{"message":"Loaded 3 Events in 37ms","level":"info","timestamp":"12-21-2020 | 11:40:28 PM"}
{"message":"Loaded 10 Commands in 46ms","level":"info","timestamp":"12-21-2020 | 11:40:28 PM"}
{"message":"Client connected as user Earth United Bot#7516","level":"info","timestamp":"12-21-2020 | 11:40:29 PM"}
{"message":"Main Database Connected!","level":"info","timestamp":"12-22-2020 | 10:40:23 AM"}
{"message":"Economy Database Connected!","level":"info","timestamp":"12-22-2020 | 10:40:23 AM"}
{"message":"Punishments Database Connected!","level":"info","timestamp":"12-22-2020 | 10:40:23 AM"}
{"message":"Loaded 3 Events in 218ms","level":"info","timestamp":"12-22-2020 | 10:40:24 AM"}
{"message":"Loaded 10 Commands in 268ms","level":"info","timestamp":"12-22-2020 | 10:40:24 AM"}
{"message":"Client connected as user Earth United Bot#7516","level":"info","timestamp":"12-22-2020 | 10:40:24 AM"}
{"message":"Main Database Connected!","level":"info","timestamp":"12-22-2020 | 10:42:31 AM"}
{"message":"Economy Database Connected!","level":"info","timestamp":"12-22-2020 | 10:42:31 AM"}
{"message":"Punishments Database Connected!","level":"info","timestamp":"12-22-2020 | 10:42:31 AM"}
{"message":"Loaded 3 Events in 46ms","level":"info","timestamp":"12-22-2020 | 10:42:31 AM"}
{"message":"Loaded 10 Commands in 66ms","level":"info","timestamp":"12-22-2020 | 10:42:31 AM"}
{"message":"Client connected as user Earth United Bot#7516","level":"info","timestamp":"12-22-2020 | 10:42:31 AM"}
{"message":"Main Database Connected!","level":"info","timestamp":"12-22-2020 | 10:46:03 AM"}
{"message":"Economy Database Connected!","level":"info","timestamp":"12-22-2020 | 10:46:03 AM"}
{"message":"Punishments Database Connected!","level":"info","timestamp":"12-22-2020 | 10:46:03 AM"}
{"message":"Loaded 3 Events in 39ms","level":"info","timestamp":"12-22-2020 | 10:46:03 AM"}
{"message":"Loaded 10 Commands in 52ms","level":"info","timestamp":"12-22-2020 | 10:46:03 AM"}
{"message":"Client connected as user Earth United Bot#7516","level":"info","timestamp":"12-22-2020 | 10:46:03 AM"}
{"message":"Main Database Connected!","level":"info","timestamp":"12-22-2020 | 10:50:06 AM"}
{"message":"Economy Database Connected!","level":"info","timestamp":"12-22-2020 | 10:50:06 AM"}
{"message":"Punishments Database Connected!","level":"info","timestamp":"12-22-2020 | 10:50:06 AM"}
{"message":"Loaded 3 Events in 38ms","level":"info","timestamp":"12-22-2020 | 10:50:06 AM"}
{"message":"Loaded 10 Commands in 56ms","level":"info","timestamp":"12-22-2020 | 10:50:06 AM"}
{"message":"Client connected as user Earth United Bot#7516","level":"info","timestamp":"12-22-2020 | 10:50:06 AM"}
{"message":"Main Database Connected!","level":"info","timestamp":"12-22-2020 | 10:54:48 AM"}
{"message":"Economy Database Connected!","level":"info","timestamp":"12-22-2020 | 10:54:48 AM"}
{"message":"Punishments Database Connected!","level":"info","timestamp":"12-22-2020 | 10:54:48 AM"}
{"message":"Loaded 3 Events in 36ms","level":"info","timestamp":"12-22-2020 | 10:54:48 AM"}
{"message":"Loaded 10 Commands in 55ms","level":"info","timestamp":"12-22-2020 | 10:54:48 AM"}
{"message":"Client connected as user Earth United Bot#7516","level":"info","timestamp":"12-22-2020 | 10:54:49 AM"}
{"message":"Main Database Connected!","level":"info","timestamp":"12-22-2020 | 10:56:01 AM"}
{"message":"Economy Database Connected!","level":"info","timestamp":"12-22-2020 | 10:56:01 AM"}
{"message":"Punishments Database Connected!","level":"info","timestamp":"12-22-2020 | 10:56:01 AM"}
{"message":"Loaded 3 Events in 39ms","level":"info","timestamp":"12-22-2020 | 10:56:02 AM"}
{"message":"Loaded 10 Commands in 55ms","level":"info","timestamp":"12-22-2020 | 10:56:02 AM"}
{"message":"Client connected as user Earth United Bot#7516","level":"info","timestamp":"12-22-2020 | 10:56:02 AM"}
{"message":"Main Database Connected!","level":"info","timestamp":"12-22-2020 | 10:59:17 AM"}
{"message":"Economy Database Connected!","level":"info","timestamp":"12-22-2020 | 10:59:17 AM"}
{"message":"Punishments Database Connected!","level":"info","timestamp":"12-22-2020 | 10:59:17 AM"}
{"message":"Loaded 3 Events in 36ms","level":"info","timestamp":"12-22-2020 | 10:59:17 AM"}
{"message":"Loaded 10 Commands in 53ms","level":"info","timestamp":"12-22-2020 | 10:59:17 AM"}
{"message":"Client connected as user Earth United Bot#7516","level":"info","timestamp":"12-22-2020 | 10:59:18 AM"}
{"message":"Main Database Connected!","level":"info","timestamp":"12-22-2020 | 11:01:37 AM"}
{"message":"Economy Database Connected!","level":"info","timestamp":"12-22-2020 | 11:01:37 AM"}
{"message":"Punishments Database Connected!","level":"info","timestamp":"12-22-2020 | 11:01:37 AM"}
{"message":"Loaded 3 Events in 35ms","level":"info","timestamp":"12-22-2020 | 11:01:38 AM"}
{"message":"Loaded 10 Commands in 51ms","level":"info","timestamp":"12-22-2020 | 11:01:38 AM"}
{"message":"Client connected as user Earth United Bot#7516","level":"info","timestamp":"12-22-2020 | 11:01:38 AM"}
{"message":"Main Database Connected!","level":"info","timestamp":"12-22-2020 | 11:02:15 AM"}
{"message":"Economy Database Connected!","level":"info","timestamp":"12-22-2020 | 11:02:15 AM"}
{"message":"Punishments Database Connected!","level":"info","timestamp":"12-22-2020 | 11:02:15 AM"}
{"message":"Loaded 3 Events in 34ms","level":"info","timestamp":"12-22-2020 | 11:02:15 AM"}
{"message":"Loaded 10 Commands in 52ms","level":"info","timestamp":"12-22-2020 | 11:02:15 AM"}
{"message":"Client connected as user Earth United Bot#7516","level":"info","timestamp":"12-22-2020 | 11:02:15 AM"}
{"message":"Main Database Connected!","level":"info","timestamp":"12-22-2020 | 11:07:14 AM"}
{"message":"Economy Database Connected!","level":"info","timestamp":"12-22-2020 | 11:07:14 AM"}
{"message":"Punishments Database Connected!","level":"info","timestamp":"12-22-2020 | 11:07:14 AM"}
{"message":"Loaded 3 Events in 35ms","level":"info","timestamp":"12-22-2020 | 11:07:14 AM"}
{"message":"Loaded 10 Commands in 51ms","level":"info","timestamp":"12-22-2020 | 11:07:14 AM"}
{"message":"Client connected as user Earth United Bot#7516","level":"info","timestamp":"12-22-2020 | 11:07:15 AM"}
{"message":"Main Database Connected!","level":"info","timestamp":"12-22-2020 | 11:12:48 AM"}
{"message":"Economy Database Connected!","level":"info","timestamp":"12-22-2020 | 11:12:48 AM"}
{"message":"Punishments Database Connected!","level":"info","timestamp":"12-22-2020 | 11:12:48 AM"}
{"message":"Loaded 3 Events in 41ms","level":"info","timestamp":"12-22-2020 | 11:12:48 AM"}
{"message":"Loaded 10 Commands in 61ms","level":"info","timestamp":"12-22-2020 | 11:12:48 AM"}
{"message":"Client connected as user Earth United Bot#7516","level":"info","timestamp":"12-22-2020 | 11:12:48 AM"}
{"message":"Main Database Connected!","level":"info","timestamp":"12-22-2020 | 11:13:39 AM"}
{"message":"Economy Database Connected!","level":"info","timestamp":"12-22-2020 | 11:13:39 AM"}
{"message":"Punishments Database Connected!","level":"info","timestamp":"12-22-2020 | 11:13:39 AM"}
{"message":"Loaded 3 Events in 39ms","level":"info","timestamp":"12-22-2020 | 11:13:39 AM"}
{"message":"Loaded 10 Commands in 56ms","level":"info","timestamp":"12-22-2020 | 11:13:39 AM"}
{"message":"Client connected as user Earth United Bot#7516","level":"info","timestamp":"12-22-2020 | 11:13:40 AM"}
